# JRE version: OpenJDK Runtime Environment Temurin-17.0.4.1+1 (17.0.4.1+1) (build 17.0.4.1+1)
# Java VM: OpenJDK 64-Bit Server VM Temurin-17.0.4.1+1 (17.0.4.1+1, mixed mode, emulated-client, tiered, compressed oops, compressed class ptrs, g1 gc, windows-amd64)
GC Precious Log:
 CPUs: 8 total, 8 available
 Memory: 12163M
 Large Page Support: Disabled
 NUMA Support: Disabled
 Compressed Oops: Enabled (Zero based)
 Heap Region Size: 2M
 Heap Min Capacity: 8M
 Heap Initial Capacity: 192M
 Heap Max Capacity: 3042M
 Pre-touch: Disabled
 Parallel Workers: 8
 Concurrent Workers: 2
 Concurrent Refinement Workers: 8
 Periodic GC: Disabled
Heap:
 garbage-first heap   total 116736K, used 36551K [0x0000000741e00000, 0x0000000800000000)
  region size 2048K, 1 young (2048K), 0 survivors (0K)
 Metaspace       used 55230K, committed 55680K, reserved 1097728K
  class space    used 7361K, committed 7552K, reserved 1048576K
GC Heap History (20 events):
Event: 31357.868 GC heap before
{Heap before GC invocations=2696 (full 2543):
 garbage-first heap   total 116736K, used 36551K [0x0000000741e00000, 0x0000000800000000)
  region size 2048K, 1 young (2048K), 0 survivors (0K)
 Metaspace       used 55230K, committed 55680K, reserved 1097728K
  class space    used 7361K, committed 7552K, reserved 1048576K
}
Event: 31357.926 GC heap after
{Heap after GC invocations=2697 (full 2544):
 garbage-first heap   total 116736K, used 36551K [0x0000000741e00000, 0x0000000800000000)
  region size 2048K, 0 young (0K), 0 survivors (0K)
 Metaspace       used 55230K, committed 55680K, reserved 1097728K
  class space    used 7361K, committed 7552K, reserved 1048576K
}
Event: 31368.078 GC heap before
{Heap before GC invocations=2697 (full 2544):
 garbage-first heap   total 116736K, used 36551K [0x0000000741e00000, 0x0000000800000000)
  region size 2048K, 1 young (2048K), 0 survivors (0K)
 Metaspace       used 55230K, committed 55680K, reserved 1097728K
  class space    used 7361K, committed 7552K, reserved 1048576K
}
Event: 31368.138 GC heap after
{Heap after GC invocations=2698 (full 2545):
 garbage-first heap   total 116736K, used 36551K [0x0000000741e00000, 0x0000000800000000)
  region size 2048K, 0 young (0K), 0 survivors (0K)
 Metaspace       used 55230K, committed 55680K, reserved 1097728K
  class space    used 7361K, committed 7552K, reserved 1048576K
}
Event: 31378.263 GC heap before
{Heap before GC invocations=2698 (full 2545):
 garbage-first heap   total 116736K, used 36551K [0x0000000741e00000, 0x0000000800000000)
  region size 2048K, 1 young (2048K), 0 survivors (0K)
 Metaspace       used 55230K, committed 55680K, reserved 1097728K
  class space    used 7361K, committed 7552K, reserved 1048576K
}
Event: 31378.322 GC heap after
{Heap after GC invocations=2699 (full 2546):
 garbage-first heap   total 116736K, used 36551K [0x0000000741e00000, 0x0000000800000000)
  region size 2048K, 0 young (0K), 0 survivors (0K)
 Metaspace       used 55230K, committed 55680K, reserved 1097728K
  class space    used 7361K, committed 7552K, reserved 1048576K
}
Event: 31388.459 GC heap before
{Heap before GC invocations=2699 (full 2546):
 garbage-first heap   total 116736K, used 36551K [0x0000000741e00000, 0x0000000800000000)
  region size 2048K, 1 young (2048K), 0 survivors (0K)
 Metaspace       used 55230K, committed 55680K, reserved 1097728K
  class space    used 7361K, committed 7552K, reserved 1048576K
}
Event: 31388.519 GC heap after
{Heap after GC invocations=2700 (full 2547):
 garbage-first heap   total 116736K, used 36551K [0x0000000741e00000, 0x0000000800000000)
  region size 2048K, 0 young (0K), 0 survivors (0K)
 Metaspace       used 55230K, committed 55680K, reserved 1097728K
  class space    used 7361K, committed 7552K, reserved 1048576K
}
Event: 31398.664 GC heap before
{Heap before GC invocations=2700 (full 2547):
 garbage-first heap   total 116736K, used 36551K [0x0000000741e00000, 0x0000000800000000)
  region size 2048K, 1 young (2048K), 0 survivors (0K)
 Metaspace       used 55230K, committed 55680K, reserved 1097728K
  class space    used 7361K, committed 7552K, reserved 1048576K
}
Event: 31398.722 GC heap after
{Heap after GC invocations=2701 (full 2548):
 garbage-first heap   total 116736K, used 36551K [0x0000000741e00000, 0x0000000800000000)
  region size 2048K, 0 young (0K), 0 survivors (0K)
 Metaspace       used 55230K, committed 55680K, reserved 1097728K
  class space    used 7361K, committed 7552K, reserved 1048576K
}
Event: 31408.846 GC heap before
{Heap before GC invocations=2701 (full 2548):
 garbage-first heap   total 116736K, used 36551K [0x0000000741e00000, 0x0000000800000000)
  region size 2048K, 1 young (2048K), 0 survivors (0K)
 Metaspace       used 55230K, committed 55680K, reserved 1097728K
  class space    used 7361K, committed 7552K, reserved 1048576K
}
Event: 31408.907 GC heap after
{Heap after GC invocations=2702 (full 2549):
 garbage-first heap   total 116736K, used 36551K [0x0000000741e00000, 0x0000000800000000)
  region size 2048K, 0 young (0K), 0 survivors (0K)
 Metaspace       used 55230K, committed 55680K, reserved 1097728K
  class space    used 7361K, committed 7552K, reserved 1048576K
}
Event: 31419.041 GC heap before
{Heap before GC invocations=2702 (full 2549):
 garbage-first heap   total 116736K, used 36551K [0x0000000741e00000, 0x0000000800000000)
  region size 2048K, 1 young (2048K), 0 survivors (0K)
 Metaspace       used 55230K, committed 55680K, reserved 1097728K
  class space    used 7361K, committed 7552K, reserved 1048576K
}
Event: 31419.095 GC heap after
{Heap after GC invocations=2703 (full 2550):
 garbage-first heap   total 116736K, used 36551K [0x0000000741e00000, 0x0000000800000000)
  region size 2048K, 0 young (0K), 0 survivors (0K)
 Metaspace       used 55230K, committed 55680K, reserved 1097728K
  class space    used 7361K, committed 7552K, reserved 1048576K
}
Event: 31433.095 GC heap before
{Heap before GC invocations=2703 (full 2550):
 garbage-first heap   total 116736K, used 36551K [0x0000000741e00000, 0x0000000800000000)
  region size 2048K, 1 young (2048K), 0 survivors (0K)
 Metaspace       used 55230K, committed 55680K, reserved 1097728K
  class space    used 7361K, committed 7552K, reserved 1048576K
}
Event: 31433.164 GC heap after
{Heap after GC invocations=2704 (full 2551):
 garbage-first heap   total 116736K, used 36551K [0x0000000741e00000, 0x0000000800000000)
  region size 2048K, 0 young (0K), 0 survivors (0K)
 Metaspace       used 55230K, committed 55680K, reserved 1097728K
  class space    used 7361K, committed 7552K, reserved 1048576K
}
Event: 31443.316 GC heap before
{Heap before GC invocations=2704 (full 2551):
 garbage-first heap   total 116736K, used 36551K [0x0000000741e00000, 0x0000000800000000)
  region size 2048K, 1 young (2048K), 0 survivors (0K)
 Metaspace       used 55230K, committed 55680K, reserved 1097728K
  class space    used 7361K, committed 7552K, reserved 1048576K
}
Event: 31443.385 GC heap after
{Heap after GC invocations=2705 (full 2552):
 garbage-first heap   total 116736K, used 36551K [0x0000000741e00000, 0x0000000800000000)
  region size 2048K, 0 young (0K), 0 survivors (0K)
 Metaspace       used 55230K, committed 55680K, reserved 1097728K
  class space    used 7361K, committed 7552K, reserved 1048576K
}
Event: 31453.520 GC heap before
{Heap before GC invocations=2705 (full 2552):
 garbage-first heap   total 116736K, used 36551K [0x0000000741e00000, 0x0000000800000000)
  region size 2048K, 1 young (2048K), 0 survivors (0K)
 Metaspace       used 55230K, committed 55680K, reserved 1097728K
  class space    used 7361K, committed 7552K, reserved 1048576K
}
Event: 31453.574 GC heap after
{Heap after GC invocations=2706 (full 2553):
 garbage-first heap   total 116736K, used 36551K [0x0000000741e00000, 0x0000000800000000)
  region size 2048K, 0 young (0K), 0 survivors (0K)
 Metaspace       used 55230K, committed 55680K, reserved 1097728K
  class space    used 7361K, committed 7552K, reserved 1048576K
}

